

Microchip Technology PIC LITE Macro Assembler V1.44 build -154322312 
                                                                                               Tue Oct 31 03:03:59 2017

Microchip Technology Omniscient Code Generator v1.44 (Free mode) build 201709140600
     1                           	processor	16F628A
     2                           	opt	pw 120
     3                           	opt	lm
     4                           	psect	cinit,global,class=CODE,merge=1,delta=2
     5                           	psect	cstackCOMMON,global,class=COMMON,space=1,delta=1
     6                           	psect	maintext,global,class=CODE,split=1,delta=2
     7                           	dabs	1,0x7E,2
     8  0000                     
     9                           ; Version 1.44
    10                           ; Generated 14/09/2017 GMT
    11                           ; 
    12                           ; Copyright © 2017, Microchip Technology Inc. and its subsidiaries ("Microchip")
    13                           ; All rights reserved.
    14                           ; 
    15                           ; This software is developed by Microchip Technology Inc. and its subsidiaries ("Microch
      +                          ip").
    16                           ; 
    17                           ; Redistribution and use in source and binary forms, with or without modification, are
    18                           ; permitted provided that the following conditions are met:
    19                           ; 
    20                           ;     1. Redistributions of source code must retain the above copyright notice, this lis
      +                          t of
    21                           ;        conditions and the following disclaimer.
    22                           ; 
    23                           ;     2. Redistributions in binary form must reproduce the above copyright notice, this 
      +                          list
    24                           ;        of conditions and the following disclaimer in the documentation and/or other
    25                           ;        materials provided with the distribution.
    26                           ; 
    27                           ;     3. Microchip's name may not be used to endorse or promote products derived from th
      +                          is
    28                           ;        software without specific prior written permission.
    29                           ; 
    30                           ; THIS SOFTWARE IS PROVIDED BY MICROCHIP "AS IS" AND ANY EXPRESS OR IMPLIED WARRANTIES,
    31                           ; INCLUDING, BUT NOT LIMITED TO, THE IMPLIED WARRANTIES OF MERCHANTABILITY AND FITNESS F
      +                          OR
    32                           ; PURPOSE ARE DISCLAIMED.  IN NO EVENT SHALL MICROCHIP BE LIABLE FOR ANY DIRECT, INDIREC
      +                          T,
    33                           ; INCIDENTAL, SPECIAL, EXEMPLARY, OR CONSEQUENTIAL DAMAGES (INCLUDING BUT NOT LIMITED TO
    34                           ; PROCUREMENT OF SUBSTITUTE GOODS OR SERVICES; LOSS OF USE, DATA OR PROFITS; OR BUSINESS
    35                           ; INTERRUPTION) HOWSOEVER CAUSED AND ON ANY THEORY OF LIABILITY, WHETHER IN CONTRACT, ST
      +                          RICT
    36                           ; LIABILITY, OR TORT (INCLUDING NEGLIGENCE OR OTHERWISE) ARISING IN ANY WAY OUT OF THE U
      +                          SE OF
    37                           ; THIS SOFTWARE, EVEN IF ADVISED OF THE POSSIBILITY OF SUCH DAMAGE.
    38                           ; 
    39                           ; 
    40                           ; Code-generator required, PIC16F628A Definitions
    41                           ; 
    42                           ; SFR Addresses
    43  0000                     	;# 
    44  0001                     	;# 
    45  0002                     	;# 
    46  0003                     	;# 
    47  0004                     	;# 
    48  0005                     	;# 
    49  0006                     	;# 
    50  000A                     	;# 
    51  000B                     	;# 
    52  000C                     	;# 
    53  000E                     	;# 
    54  000E                     	;# 
    55  000F                     	;# 
    56  0010                     	;# 
    57  0011                     	;# 
    58  0012                     	;# 
    59  0015                     	;# 
    60  0015                     	;# 
    61  0016                     	;# 
    62  0017                     	;# 
    63  0018                     	;# 
    64  0019                     	;# 
    65  001A                     	;# 
    66  001F                     	;# 
    67  0081                     	;# 
    68  0085                     	;# 
    69  0086                     	;# 
    70  008C                     	;# 
    71  008E                     	;# 
    72  0092                     	;# 
    73  0098                     	;# 
    74  0099                     	;# 
    75  009A                     	;# 
    76  009B                     	;# 
    77  009C                     	;# 
    78  009D                     	;# 
    79  009F                     	;# 
    80  0017                     _CCP1CONbits	set	23
    81  000C                     _PIR1bits	set	12
    82  0010                     _T1CONbits	set	16
    83  0005                     _PORTAbits	set	5
    84  0062                     _CCP1IF	set	98
    85  0060                     _TMR1IF	set	96
    86  008C                     _PIE1bits	set	140
    87  0086                     _TRISBbits	set	134
    88  0085                     _TRISAbits	set	133
    89                           
    90                           ; #config settings
    91  0000                     
    92                           	psect	cinit
    93  07FE                     start_initialization:	
    94  07FE                     __initialization:	
    95  07FE                     end_of_initialization:	
    96                           ;End of C runtime variable initialization code
    97                           
    98  07FE                     __end_of__initialization:	
    99  07FE  0183               	clrf	3
   100  07FF  2FDA               	ljmp	_main	;jump to C main() function
   101                           
   102                           	psect	cstackCOMMON
   103  0000                     __pcstackCOMMON:	
   104  0000                     ?_main:	
   105  0000                     ??_main:	
   106                           ; 1 bytes @ 0x0
   107                           
   108                           
   109                           	psect	maintext
   110  07DA                     __pmaintext:	
   111                           ; 1 bytes @ 0x0
   112 ;;
   113 ;;Main: autosize = 0, tempsize = 0, incstack = 0, save=0
   114 ;;
   115 ;; *************** function _main *****************
   116 ;; Defined at:
   117 ;;		line 28 in file "newmain.c"
   118 ;; Parameters:    Size  Location     Type
   119 ;;		None
   120 ;; Auto vars:     Size  Location     Type
   121 ;;		None
   122 ;; Return value:  Size  Location     Type
   123 ;;                  1    wreg      void 
   124 ;; Registers used:
   125 ;;		wreg, status,2, status,0
   126 ;; Tracked objects:
   127 ;;		On entry : B00/0
   128 ;;		On exit  : 0/0
   129 ;;		Unchanged: 0/0
   130 ;; Data sizes:     COMMON   BANK0   BANK1   BANK2
   131 ;;      Params:         0       0       0       0
   132 ;;      Locals:         0       0       0       0
   133 ;;      Temps:          0       0       0       0
   134 ;;      Totals:         0       0       0       0
   135 ;;Total ram usage:        0 bytes
   136 ;; This function calls:
   137 ;;		Nothing
   138 ;; This function is called by:
   139 ;;		Startup code after reset
   140 ;; This function uses a non-reentrant model
   141 ;;
   142                           
   143                           
   144                           ;psect for function _main
   145  07DA                     _main:	
   146                           
   147                           ;newmain.c: 30: TRISAbits.TRISA2 = 0; TRISAbits.TRISA3 = 0; PORTAbits.RA2 = 0; PORTAbits
      +                          .RA3 = 0;
   148                           
   149                           ;incstack = 0
   150                           ; Regs used in _main: [wreg+status,2+status,0]
   151  07DA  1683               	bsf	3,5	;RP0=1, select bank1
   152  07DB  1303               	bcf	3,6	;RP1=0, select bank1
   153  07DC  1105               	bcf	5,2	;volatile
   154  07DD  1185               	bcf	5,3	;volatile
   155  07DE  1283               	bcf	3,5	;RP0=0, select bank0
   156  07DF  1303               	bcf	3,6	;RP1=0, select bank0
   157  07E0  1105               	bcf	5,2	;volatile
   158  07E1  1185               	bcf	5,3	;volatile
   159                           
   160                           ;newmain.c: 31: PORTAbits.RA2 = 0; PORTAbits.RA3 = 1;
   161  07E2  1105               	bcf	5,2	;volatile
   162  07E3  1585               	bsf	5,3	;volatile
   163                           
   164                           ;newmain.c: 32: TRISBbits.TRISB3=1; TRISBbits.TRISB4=1; TRISBbits.TRISB5=1;
   165  07E4  1683               	bsf	3,5	;RP0=1, select bank1
   166  07E5  1303               	bcf	3,6	;RP1=0, select bank1
   167  07E6  1586               	bsf	6,3	;volatile
   168  07E7  1606               	bsf	6,4	;volatile
   169  07E8  1686               	bsf	6,5	;volatile
   170                           
   171                           ;newmain.c: 37: T1CONbits.TMR1ON = 1;
   172  07E9  1283               	bcf	3,5	;RP0=0, select bank0
   173  07EA  1303               	bcf	3,6	;RP1=0, select bank0
   174  07EB  1410               	bsf	16,0	;volatile
   175                           
   176                           ;newmain.c: 38: T1CONbits.TMR1CS = 0;
   177  07EC  1090               	bcf	16,1	;volatile
   178                           
   179                           ;newmain.c: 39: T1CONbits.nT1SYNC = 1;
   180  07ED  1510               	bsf	16,2	;volatile
   181                           
   182                           ;newmain.c: 41: T1CONbits.T1OSCEN = 0;
   183  07EE  1190               	bcf	16,3	;volatile
   184                           
   185                           ;newmain.c: 42: T1CONbits.T1CKPS0 = 1;
   186  07EF  1610               	bsf	16,4	;volatile
   187                           
   188                           ;newmain.c: 43: T1CONbits.T1CKPS1 = 1;
   189  07F0  1690               	bsf	16,5	;volatile
   190                           
   191                           ;newmain.c: 45: PIE1bits.TMR1IE = 1;
   192  07F1  1683               	bsf	3,5	;RP0=1, select bank1
   193  07F2  1303               	bcf	3,6	;RP1=0, select bank1
   194  07F3  140C               	bsf	12,0	;volatile
   195                           
   196                           ;newmain.c: 46: PIE1bits.CCP1IE = 1;
   197  07F4  150C               	bsf	12,2	;volatile
   198                           
   199                           ;newmain.c: 48: PIR1bits.TMR1IF = 1;
   200  07F5  1283               	bcf	3,5	;RP0=0, select bank0
   201  07F6  1303               	bcf	3,6	;RP1=0, select bank0
   202  07F7  140C               	bsf	12,0	;volatile
   203                           
   204                           ;newmain.c: 49: PIR1bits.CCP1IF = 0;
   205  07F8  110C               	bcf	12,2	;volatile
   206                           
   207                           ;newmain.c: 52: CCP1CONbits.CCP1M = 0b0100;
   208  07F9  0817               	movf	23,w	;volatile
   209  07FA  39F0               	andlw	-16
   210  07FB  3804               	iorlw	4
   211  07FC  0097               	movwf	23	;volatile
   212  07FD                     l23:	
   213                           ;newmain.c: 57: while(1)
   214                           
   215                           
   216                           ;newmain.c: 58: {}
   217  07FD  2FFD               	goto	l23
   218  07FE                     __end_of_main:	
   219                           ;newmain.c: 59: return;
   220                           
   221  007E                     btemp	set	126	;btemp
   222  007E                     wtemp0	set	126


Data Sizes:
    Strings     0
    Constant    0
    Data        0
    BSS         0
    Persistent  0
    Stack       0

Auto Spaces:
    Space          Size  Autos    Used
    COMMON           14      0       0
    BANK0            80      0       0
    BANK1            80      0       0
    BANK2            48      0       0

Pointer List with Targets:

    None.

Critical Paths under _main in COMMON

    None.

Critical Paths under _main in BANK0

    None.

Critical Paths under _main in BANK1

    None.

Critical Paths under _main in BANK2

    None.

Call Graph Tables:

 ---------------------------------------------------------------------------------
 (Depth) Function   	        Calls       Base Space   Used Autos Params    Refs
 ---------------------------------------------------------------------------------
 (0) _main                                                 0     0      0       0
 ---------------------------------------------------------------------------------
 Estimated maximum stack depth 0
 ---------------------------------------------------------------------------------

 Call Graph Graphs:

 _main (ROOT)

 Address spaces:
Name               Size   Autos  Total    Cost      Usage
BITCOMMON            E      0       0       0        0.0%
EEDATA              80      0       0       0        0.0%
NULL                 0      0       0       0        0.0%
CODE                 0      0       0       0        0.0%
COMMON               E      0       0       1        0.0%
BITSFR0              0      0       0       1        0.0%
SFR0                 0      0       0       1        0.0%
BITSFR1              0      0       0       2        0.0%
SFR1                 0      0       0       2        0.0%
STACK                0      0       0       2        0.0%
BANK0               50      0       0       3        0.0%
BITSFR3              0      0       0       4        0.0%
SFR3                 0      0       0       4        0.0%
ABS                  0      0       0       4        0.0%
BITBANK0            50      0       0       5        0.0%
BITSFR2              0      0       0       5        0.0%
SFR2                 0      0       0       5        0.0%
BITBANK1            50      0       0       6        0.0%
BANK1               50      0       0       7        0.0%
BITBANK2            30      0       0       8        0.0%
BANK2               30      0       0       9        0.0%
DATA                 0      0       0      10        0.0%


Microchip Technology PIC Macro Assembler V1.44 build -154322312 
Symbol Table                                                                                   Tue Oct 31 03:03:59 2017

            __CFG_CP$OFF 0000                       l23 07FD             __CFG_CPD$OFF 0000  
           __CFG_FOSC$HS 0000             __CFG_LVP$OFF 0000                     _main 07DA  
                   btemp 007E            __CFG_BOREN$ON 0000                     start 0000  
          __CFG_MCLRE$ON 0000                    ?_main 0000            __CFG_WDTE$OFF 0000  
          __CFG_PWRTE$ON 0000                    status 0003                    wtemp0 007E  
        __initialization 07FE             __end_of_main 07FE                   ??_main 0000  
                 _CCP1IF 0062                   _TMR1IF 0060  __end_of__initialization 07FE  
         __pcstackCOMMON 0000               __pmaintext 07DA                _T1CONbits 0010  
   end_of_initialization 07FE                _PORTAbits 0005                _TRISAbits 0085  
              _TRISBbits 0086              _CCP1CONbits 0017      start_initialization 07FE  
              ___latbits 0000                 _PIE1bits 008C                 _PIR1bits 000C  
          __size_of_main 0024  
